2025-12-21T18:12:28.968Z [POST] /user
2025-12-21T18:14:27.066Z [GET] /user
2025-12-21T18:15:52.647Z [GET] /user
2025-12-21T18:16:16.542Z [POST] /user
2025-12-21T18:41:04.513Z [POST] /user/login
2025-12-21T18:41:17.208Z [POST] /user/login
2025-12-21T18:42:11.994Z [POST] /user/
2025-12-21T18:48:36.789Z [POST] /user/login
2025-12-21T19:00:46.837Z [POST] /
2025-12-21T19:00:53.499Z [GET] /
2025-12-21T19:03:38.735Z [GET] /
2025-12-21T19:03:50.235Z [GET] /
2025-12-21T19:04:01.533Z [POST] /user/login
2025-12-21T19:04:09.145Z [GET] /
2025-12-21T19:04:18.865Z [GET] /
2025-12-21T19:04:20.359Z [GET] /
2025-12-21T19:04:21.689Z [GET] /
2025-12-21T19:04:37.635Z [GET] /
2025-12-21T19:04:43.398Z [GET] /
2025-12-21T19:05:02.597Z [POST] /user/login
2025-12-21T19:05:11.425Z [GET] /
2025-12-22T14:50:26.446Z [POST] /user
2025-12-22T14:50:32.817Z [POST] /user
2025-12-22T15:54:04.596Z [POST] /url
2025-12-22T15:59:08.733Z [POST] /url
2025-12-22T16:01:31.769Z [POST] /url?url=http://kailashbadu.com.np
2025-12-22T16:02:21.773Z [POST] /url
2025-12-22T16:04:02.259Z [POST] /url
2025-12-22T16:04:29.538Z [POST] /url
2025-12-22T16:06:54.895Z [POST] /url
2025-12-22T16:10:14.399Z [GET] /url/wMpPS-83
2025-12-22T16:12:48.865Z [GET] /url/wMpPS-83
2025-12-22T16:13:41.444Z [GET] /url/wMpPS-83
2025-12-22T16:14:08.524Z [GET] /url/wMpPS-83
2025-12-22T16:14:23.515Z [GET] /url/wMpPS-83
2025-12-22T16:14:59.166Z [GET] /url/wMpPS-83
2025-12-22T16:15:34.503Z [GET] /url/wMpPS-83
2025-12-22T16:16:11.960Z [GET] /url/wMpPS-83
2025-12-22T16:16:43.360Z [GET] /url/wMpPS-83
2025-12-22T16:16:45.328Z [GET] /url/wMpPS-83
2025-12-22T16:18:49.457Z [GET] /url/analytics/wMpPS-83
2025-12-22T16:21:07.042Z [GET] /url/analytics/wMpPS-83
2025-12-22T16:23:49.930Z [GET] /url/analytics/wMpPS-83
2025-12-22T16:25:15.229Z [GET] /url/analytics/wMpPS-83
